<?xml version="1.0" encoding="UTF-8"?>
<!-- Generated by org.testng.reporters.JUnitReportReporter -->
<testsuite skipped="0" hostname="DESKTOP-TFIDE30" name="com.methods.HTTPMethods" tests="4" failures="0" timestamp="2022-11-21T15:42:12 IST" time="7.286" errors="0">
  <testcase name="putMethod" time="1.141" classname="com.methods.HTTPMethods"/>
  <system-out/>
  <testcase name="deleteMethod" time="4.317" classname="com.methods.HTTPMethods"/>
  <system-out/>
  <testcase name="getMethod" time="0.747" classname="com.methods.HTTPMethods"/>
  <system-out/>
  <testcase name="postMethod" time="1.081" classname="com.methods.HTTPMethods"/>
  <system-out/>
</testsuite> <!-- com.methods.HTTPMethods -->
