<?xml version="1.0" encoding="UTF-8"?>
<!-- Generated by org.testng.reporters.JUnitReportReporter -->
<testsuite skipped="0" hostname="DESKTOP-TFIDE30" name="com.methods.JiraAPI" tests="1" failures="0" timestamp="2022-11-29T12:52:48 IST" time="4.852" errors="0">
  <testcase name="deleteComment" time="4.852" classname="com.methods.JiraAPI"/>
  <system-out/>
</testsuite> <!-- com.methods.JiraAPI -->
